<?xml version="1.0" encoding="UTF-8" standalone="no"?>
<testsuite errors="0" failures="1" name="io.cucumber.core.plugin.JUnitFormatter" skipped="0" tests="1" time="0.362">
    <testcase classname="Wikipedia search" name="Wikipedia search test" time="0.101">
        <failure message="The scenario has pending or undefined step(s)" type="java.lang.Exception"><![CDATA[Given user is on the main page..............................................undefined
When user enters a name in the search box...................................skipped
And user clicks search button...............................................skipped
Then user is navigated to correct page......................................skipped
]]></failure>
    </testcase>
</testsuite>
